2016-01-28 11:21:00,682 0      [      Worker-25] WARN  nternal.embedder.EclipseLogger  - Using platform encoding (Cp1252 actually) to copy filtered resources, i.e. build is platform dependent!
2016-01-28 11:21:00,861 179    [      Worker-25] WARN  nternal.embedder.EclipseLogger  - Using platform encoding (Cp1252 actually) to copy filtered resources, i.e. build is platform dependent!
2016-01-28 11:21:22,663 21981  [      Worker-16] ERROR venLaunchConfigurationListener  - Launch configuration Application references closed project SpringQuickStart
org.eclipse.core.runtime.CoreException: Launch configuration Application references closed project SpringQuickStart
	at org.eclipse.jdt.launching.JavaRuntime.abort(JavaRuntime.java:1408)
	at org.eclipse.jdt.launching.JavaRuntime.getJavaProject(JavaRuntime.java:1280)
	at org.eclipse.m2e.jdt.internal.launch.MavenLaunchConfigurationListener.updateLaunchConfiguration(MavenLaunchConfigurationListener.java:53)
	at org.eclipse.m2e.jdt.internal.launch.MavenLaunchConfigurationListener.launchConfigurationChanged(MavenLaunchConfigurationListener.java:38)
	at org.eclipse.debug.internal.core.LaunchManager$ConfigurationNotifier.run(LaunchManager.java:229)
	at org.eclipse.core.runtime.SafeRunner.run(SafeRunner.java:42)
	at org.eclipse.debug.internal.core.LaunchManager$ConfigurationNotifier.notify(LaunchManager.java:209)
	at org.eclipse.debug.internal.core.LaunchConfigurationWorkingCopy.setDirty(LaunchConfigurationWorkingCopy.java:552)
	at org.eclipse.debug.internal.core.LaunchConfigurationWorkingCopy.setAttribute(LaunchConfigurationWorkingCopy.java:425)
	at org.eclipse.m2e.jdt.internal.launch.MavenRuntimeClasspathProvider.disable(MavenRuntimeClasspathProvider.java:309)
	at org.eclipse.m2e.jdt.internal.launch.MavenRuntimeClasspathProvider.disable(MavenRuntimeClasspathProvider.java:335)
	at org.eclipse.m2e.jdt.internal.launch.MavenLaunchConfigurationListener.mavenProjectChanged(MavenLaunchConfigurationListener.java:70)
	at org.eclipse.m2e.core.internal.project.registry.ProjectRegistryManager.notifyProjectChangeListeners(ProjectRegistryManager.java:783)
	at org.eclipse.m2e.core.internal.project.registry.ProjectRegistryManager.applyMutableProjectRegistry(ProjectRegistryManager.java:919)
	at org.eclipse.m2e.core.internal.project.registry.ProjectRegistryRefreshJob$1.call(ProjectRegistryRefreshJob.java:98)
	at org.eclipse.m2e.core.internal.project.registry.ProjectRegistryRefreshJob$1.call(ProjectRegistryRefreshJob.java:1)
	at org.eclipse.m2e.core.internal.embedder.MavenExecutionContext.executeBare(MavenExecutionContext.java:176)
	at org.eclipse.m2e.core.internal.embedder.MavenExecutionContext.execute(MavenExecutionContext.java:151)
	at org.eclipse.m2e.core.internal.embedder.MavenExecutionContext.execute(MavenExecutionContext.java:99)
	at org.eclipse.m2e.core.internal.embedder.MavenImpl.execute(MavenImpl.java:1355)
	at org.eclipse.m2e.core.internal.project.registry.ProjectRegistryRefreshJob.run(ProjectRegistryRefreshJob.java:81)
	at org.eclipse.core.internal.jobs.Worker.run(Worker.java:55)
2016-01-28 11:21:22,671 21989  [      Worker-16] ERROR venLaunchConfigurationListener  - Launch configuration Application references closed project SpringQuickStart
org.eclipse.core.runtime.CoreException: Launch configuration Application references closed project SpringQuickStart
	at org.eclipse.jdt.launching.JavaRuntime.abort(JavaRuntime.java:1408)
	at org.eclipse.jdt.launching.JavaRuntime.getJavaProject(JavaRuntime.java:1280)
	at org.eclipse.m2e.jdt.internal.launch.MavenLaunchConfigurationListener.updateLaunchConfiguration(MavenLaunchConfigurationListener.java:53)
	at org.eclipse.m2e.jdt.internal.launch.MavenLaunchConfigurationListener.launchConfigurationChanged(MavenLaunchConfigurationListener.java:38)
	at org.eclipse.debug.internal.core.LaunchManager$ConfigurationNotifier.run(LaunchManager.java:229)
	at org.eclipse.core.runtime.SafeRunner.run(SafeRunner.java:42)
	at org.eclipse.debug.internal.core.LaunchManager$ConfigurationNotifier.notify(LaunchManager.java:209)
	at org.eclipse.debug.internal.core.LaunchConfigurationWorkingCopy.setDirty(LaunchConfigurationWorkingCopy.java:552)
	at org.eclipse.debug.internal.core.LaunchConfigurationWorkingCopy.setAttribute(LaunchConfigurationWorkingCopy.java:425)
	at org.eclipse.m2e.jdt.internal.launch.MavenRuntimeClasspathProvider.disable(MavenRuntimeClasspathProvider.java:310)
	at org.eclipse.m2e.jdt.internal.launch.MavenRuntimeClasspathProvider.disable(MavenRuntimeClasspathProvider.java:335)
	at org.eclipse.m2e.jdt.internal.launch.MavenLaunchConfigurationListener.mavenProjectChanged(MavenLaunchConfigurationListener.java:70)
	at org.eclipse.m2e.core.internal.project.registry.ProjectRegistryManager.notifyProjectChangeListeners(ProjectRegistryManager.java:783)
	at org.eclipse.m2e.core.internal.project.registry.ProjectRegistryManager.applyMutableProjectRegistry(ProjectRegistryManager.java:919)
	at org.eclipse.m2e.core.internal.project.registry.ProjectRegistryRefreshJob$1.call(ProjectRegistryRefreshJob.java:98)
	at org.eclipse.m2e.core.internal.project.registry.ProjectRegistryRefreshJob$1.call(ProjectRegistryRefreshJob.java:1)
	at org.eclipse.m2e.core.internal.embedder.MavenExecutionContext.executeBare(MavenExecutionContext.java:176)
	at org.eclipse.m2e.core.internal.embedder.MavenExecutionContext.execute(MavenExecutionContext.java:151)
	at org.eclipse.m2e.core.internal.embedder.MavenExecutionContext.execute(MavenExecutionContext.java:99)
	at org.eclipse.m2e.core.internal.embedder.MavenImpl.execute(MavenImpl.java:1355)
	at org.eclipse.m2e.core.internal.project.registry.ProjectRegistryRefreshJob.run(ProjectRegistryRefreshJob.java:81)
	at org.eclipse.core.internal.jobs.Worker.run(Worker.java:55)
2016-01-28 11:21:22,699 22017  [      Worker-16] ERROR venLaunchConfigurationListener  - Launch configuration Application references closed project SpringQuickStart
org.eclipse.core.runtime.CoreException: Launch configuration Application references closed project SpringQuickStart
	at org.eclipse.jdt.launching.JavaRuntime.abort(JavaRuntime.java:1408)
	at org.eclipse.jdt.launching.JavaRuntime.getJavaProject(JavaRuntime.java:1280)
	at org.eclipse.m2e.jdt.internal.launch.MavenLaunchConfigurationListener.updateLaunchConfiguration(MavenLaunchConfigurationListener.java:53)
	at org.eclipse.m2e.jdt.internal.launch.MavenLaunchConfigurationListener.launchConfigurationChanged(MavenLaunchConfigurationListener.java:38)
	at org.eclipse.debug.internal.core.LaunchManager$ConfigurationNotifier.run(LaunchManager.java:229)
	at org.eclipse.core.runtime.SafeRunner.run(SafeRunner.java:42)
	at org.eclipse.debug.internal.core.LaunchManager$ConfigurationNotifier.notify(LaunchManager.java:209)
	at org.eclipse.debug.internal.core.LaunchManager.launchConfigurationChanged(LaunchManager.java:2166)
	at org.eclipse.debug.internal.core.LaunchConfigurationWorkingCopy.writeNewFile(LaunchConfigurationWorkingCopy.java:384)
	at org.eclipse.debug.internal.core.LaunchConfigurationWorkingCopy.doSave0(LaunchConfigurationWorkingCopy.java:250)
	at org.eclipse.debug.internal.core.LaunchConfigurationWorkingCopy.doSave(LaunchConfigurationWorkingCopy.java:220)
	at org.eclipse.debug.internal.core.LaunchConfigurationWorkingCopy.doSave(LaunchConfigurationWorkingCopy.java:173)
	at org.eclipse.m2e.jdt.internal.launch.MavenRuntimeClasspathProvider.disable(MavenRuntimeClasspathProvider.java:311)
	at org.eclipse.m2e.jdt.internal.launch.MavenRuntimeClasspathProvider.disable(MavenRuntimeClasspathProvider.java:335)
	at org.eclipse.m2e.jdt.internal.launch.MavenLaunchConfigurationListener.mavenProjectChanged(MavenLaunchConfigurationListener.java:70)
	at org.eclipse.m2e.core.internal.project.registry.ProjectRegistryManager.notifyProjectChangeListeners(ProjectRegistryManager.java:783)
	at org.eclipse.m2e.core.internal.project.registry.ProjectRegistryManager.applyMutableProjectRegistry(ProjectRegistryManager.java:919)
	at org.eclipse.m2e.core.internal.project.registry.ProjectRegistryRefreshJob$1.call(ProjectRegistryRefreshJob.java:98)
	at org.eclipse.m2e.core.internal.project.registry.ProjectRegistryRefreshJob$1.call(ProjectRegistryRefreshJob.java:1)
	at org.eclipse.m2e.core.internal.embedder.MavenExecutionContext.executeBare(MavenExecutionContext.java:176)
	at org.eclipse.m2e.core.internal.embedder.MavenExecutionContext.execute(MavenExecutionContext.java:151)
	at org.eclipse.m2e.core.internal.embedder.MavenExecutionContext.execute(MavenExecutionContext.java:99)
	at org.eclipse.m2e.core.internal.embedder.MavenImpl.execute(MavenImpl.java:1355)
	at org.eclipse.m2e.core.internal.project.registry.ProjectRegistryRefreshJob.run(ProjectRegistryRefreshJob.java:81)
	at org.eclipse.core.internal.jobs.Worker.run(Worker.java:55)
2016-01-28 13:07:19,753 2014196 [      Worker-52] WARN  nternal.embedder.EclipseLogger  - Using platform encoding (Cp1252 actually) to copy filtered resources, i.e. build is platform dependent!
2016-01-28 13:07:19,785 2014228 [      Worker-52] WARN  nternal.embedder.EclipseLogger  - Using platform encoding (Cp1252 actually) to copy filtered resources, i.e. build is platform dependent!
2016-01-28 13:08:54,028 2108471 [      Worker-54] WARN  nternal.embedder.EclipseLogger  - Using platform encoding (Cp1252 actually) to copy filtered resources, i.e. build is platform dependent!
2016-01-28 13:08:54,028 2108471 [      Worker-54] WARN  nternal.embedder.EclipseLogger  - Using platform encoding (Cp1252 actually) to copy filtered resources, i.e. build is platform dependent!
2016-01-28 13:08:56,821 2111264 [      Worker-48] WARN  nternal.embedder.EclipseLogger  - Using platform encoding (Cp1252 actually) to copy filtered resources, i.e. build is platform dependent!
2016-01-28 13:08:56,837 2111280 [      Worker-48] WARN  nternal.embedder.EclipseLogger  - Using platform encoding (Cp1252 actually) to copy filtered resources, i.e. build is platform dependent!
2016-01-28 13:15:09,200 2483643 [      Worker-63] WARN  nternal.embedder.EclipseLogger  - Using platform encoding (Cp1252 actually) to copy filtered resources, i.e. build is platform dependent!
2016-01-28 13:15:09,200 2483643 [      Worker-63] WARN  nternal.embedder.EclipseLogger  - Using platform encoding (Cp1252 actually) to copy filtered resources, i.e. build is platform dependent!
